<?xml version="1.0" encoding="UTF-8"?>
<!-- Generated by org.testng.reporters.JUnitXMLReporter -->
<testsuite ignored="1" hostname="DESKTOP-E15M0P2" failures="0" tests="1" name="anotherTest" time="0.021" errors="0" timestamp="2021-05-05T16:07:31 IST">
  <testcase classname="testNG.thirdClass" name="thirdClassMethod1" time="0.009"/>
  <testcase classname="testNG.thirdClass" name="thirdClassMethod2" time="0.0">
    <ignored/>
  </testcase> <!-- thirdClassMethod2 -->
</testsuite> <!-- anotherTest -->
