<?xml version="1.0" encoding="UTF-8"?>
<!-- Generated by org.testng.reporters.JUnitXMLReporter -->
<testsuite ignored="2" hostname="DESKTOP-E15M0P2" failures="0" tests="3" name="Test" time="0.182" errors="0" timestamp="2021-05-05T16:07:31 IST">
  <testcase classname="testNG.firstClass" name="MobilefirstClassMethod1" time="0.016"/>
  <testcase classname="testNG.firstClass" name="MobilefirstClassMethod2" time="0.004"/>
  <testcase classname="testNG.secondClass" name="secondClassMthod1" time="0.005"/>
  <testcase classname="testNG.firstClass" name="firstClassMethod2" time="0.0">
    <ignored/>
  </testcase> <!-- firstClassMethod2 -->
  <testcase classname="testNG.secondClass" name="secondClassMthod12" time="0.0">
    <ignored/>
  </testcase> <!-- secondClassMthod12 -->
</testsuite> <!-- Test -->
