<?xml version="1.0" encoding="UTF-8"?>
<!-- Generated by org.testng.reporters.JUnitXMLReporter -->
<testsuite hostname="DESKTOP-E15M0P2" ignored="1" name="Test4" tests="3" failures="0" timestamp="05 May 2021 10:44:56 GMT" time="0.095" errors="0">
  <testcase name="sixthClassMethod1" time="0.018" classname="testNG.sixthClass"/>
  <testcase name="sixthClassMethod2" time="0.001" classname="testNG.sixthClass"/>
  <testcase name="sixthClassMethod3" time="0.001" classname="testNG.sixthClass"/>
  <testcase name="sixthClassMethod4" time="0.0" classname="testNG.sixthClass">
    <ignored/>
  </testcase> <!-- sixthClassMethod4 -->
</testsuite> <!-- Test4 -->
