<?xml version="1.0" encoding="UTF-8"?>
<testsuite xmlns:xsi="http://www.w3.org/2001/XMLSchema-instance" xsi:noNamespaceSchemaLocation="https://maven.apache.org/surefire/maven-surefire-plugin/xsd/surefire-test-report.xsd" name="TestSuite" time="3.782" tests="3" errors="0" skipped="0" failures="0">
  <properties>
[...]
</properties>
  <testcase name="first" classname="testNG.fourthClass" time="0.022"/>
  <testcase name="second" classname="testNG.fourthClass" time="0.006"/>
  <testcase name="third" classname="testNG.fourthClass" time="0.005"/>
</testsuite>