<?xml version="1.0" encoding="UTF-8"?>
<testng-results ignored="0" total="1" passed="1" failed="0" skipped="0">
  <reporter-output>
  </reporter-output>
  <suite started-at="2021-05-07T12:48:28 IST" name="Suite" finished-at="2021-05-07T12:48:36 IST" duration-ms="7834">
    <groups>
    </groups>
    <test started-at="2021-05-07T12:48:28 IST" name="Test4" finished-at="2021-05-07T12:48:36 IST" duration-ms="7834">
      <class name="POM.TestCases.TestCaseRediffLoginPage">
        <test-method signature="firstClass()[pri:0, instance:POM.TestCases.TestCaseRediffLoginPage@2e55dd0c]" started-at="2021-05-07T12:48:28 IST" name="firstClass" finished-at="2021-05-07T12:48:36 IST" duration-ms="7759" status="PASS">
          <reporter-output>
          </reporter-output>
        </test-method> <!-- firstClass -->
      </class> <!-- POM.TestCases.TestCaseRediffLoginPage -->
    </test> <!-- Test4 -->
  </suite> <!-- Suite -->
</testng-results>
